[0.196s] DEBUG:colcon:Command line arguments: ['/usr/bin/colcon', 'build']
[0.197s] DEBUG:colcon:Parsed command line arguments: Namespace(log_base=None, log_level=None, verb_name='build', build_base='build', install_base='install', merge_install=False, symlink_install=False, test_result_base=None, continue_on_error=False, executor='parallel', parallel_workers=8, event_handlers=None, ignore_user_meta=False, metas=['./colcon.meta'], base_paths=['.'], packages_ignore=None, packages_ignore_regex=None, paths=None, packages_up_to=None, packages_up_to_regex=None, packages_above=None, packages_above_and_dependencies=None, packages_above_depth=None, packages_select_by_dep=None, packages_skip_by_dep=None, packages_skip_up_to=None, packages_select_build_failed=False, packages_skip_build_finished=False, packages_select_test_failures=False, packages_skip_test_passed=False, packages_select=None, packages_skip=None, packages_select_regex=None, packages_skip_regex=None, packages_start=None, packages_end=None, allow_overriding=[], cmake_args=None, cmake_target=None, cmake_target_skip_unavailable=False, cmake_clean_cache=False, cmake_clean_first=False, cmake_force_configure=False, ament_cmake_args=None, catkin_cmake_args=None, catkin_skip_building_tests=False, mixin_files=None, mixin=None, verb_parser=<colcon_mixin.mixin.mixin_argument.MixinArgumentDecorator object at 0x7b7799066710>, verb_extension=<colcon_core.verb.build.BuildVerb object at 0x7b77991ebbb0>, main=<bound method BuildVerb.main of <colcon_core.verb.build.BuildVerb object at 0x7b77991ebbb0>>, mixin_verb=('build',))
[0.427s] Level 1:colcon.colcon_core.package_discovery:discover_packages(colcon_meta) check parameters
[0.428s] Level 1:colcon.colcon_core.package_discovery:discover_packages(recursive) check parameters
[0.428s] Level 1:colcon.colcon_core.package_discovery:discover_packages(ignore) check parameters
[0.428s] Level 1:colcon.colcon_core.package_discovery:discover_packages(path) check parameters
[0.428s] Level 1:colcon.colcon_core.package_discovery:discover_packages(colcon_meta) discover
[0.428s] Level 1:colcon.colcon_core.package_discovery:discover_packages(recursive) discover
[0.428s] INFO:colcon.colcon_core.package_discovery:Crawling recursively for packages in '/home/ramadan/colcon_ws'
[0.428s] Level 1:colcon.colcon_core.package_identification:_identify(.) by extensions ['ignore', 'ignore_ament_install']
[0.428s] Level 1:colcon.colcon_core.package_identification:_identify(.) by extension 'ignore'
[0.428s] Level 1:colcon.colcon_core.package_identification:_identify(.) by extension 'ignore_ament_install'
[0.428s] Level 1:colcon.colcon_core.package_identification:_identify(.) by extensions ['colcon_pkg']
[0.428s] Level 1:colcon.colcon_core.package_identification:_identify(.) by extension 'colcon_pkg'
[0.428s] Level 1:colcon.colcon_core.package_identification:_identify(.) by extensions ['colcon_meta']
[0.428s] Level 1:colcon.colcon_core.package_identification:_identify(.) by extension 'colcon_meta'
[0.428s] Level 1:colcon.colcon_core.package_identification:_identify(.) by extensions ['ros']
[0.428s] Level 1:colcon.colcon_core.package_identification:_identify(.) by extension 'ros'
[0.440s] Level 1:colcon.colcon_core.package_identification:_identify(.) by extensions ['cmake', 'python']
[0.440s] Level 1:colcon.colcon_core.package_identification:_identify(.) by extension 'cmake'
[0.440s] Level 1:colcon.colcon_core.package_identification:_identify(.) by extension 'python'
[0.440s] Level 1:colcon.colcon_core.package_identification:_identify(.) by extensions ['python_setup_py']
[0.440s] Level 1:colcon.colcon_core.package_identification:_identify(.) by extension 'python_setup_py'
[0.440s] Level 1:colcon.colcon_core.package_identification:_identify(LabView) by extensions ['ignore', 'ignore_ament_install']
[0.440s] Level 1:colcon.colcon_core.package_identification:_identify(LabView) by extension 'ignore'
[0.440s] Level 1:colcon.colcon_core.package_identification:_identify(LabView) by extension 'ignore_ament_install'
[0.441s] Level 1:colcon.colcon_core.package_identification:_identify(LabView) by extensions ['colcon_pkg']
[0.441s] Level 1:colcon.colcon_core.package_identification:_identify(LabView) by extension 'colcon_pkg'
[0.441s] Level 1:colcon.colcon_core.package_identification:_identify(LabView) by extensions ['colcon_meta']
[0.441s] Level 1:colcon.colcon_core.package_identification:_identify(LabView) by extension 'colcon_meta'
[0.441s] Level 1:colcon.colcon_core.package_identification:_identify(LabView) by extensions ['ros']
[0.441s] Level 1:colcon.colcon_core.package_identification:_identify(LabView) by extension 'ros'
[0.441s] Level 1:colcon.colcon_core.package_identification:_identify(LabView) by extensions ['cmake', 'python']
[0.441s] Level 1:colcon.colcon_core.package_identification:_identify(LabView) by extension 'cmake'
[0.441s] Level 1:colcon.colcon_core.package_identification:_identify(LabView) by extension 'python'
[0.441s] Level 1:colcon.colcon_core.package_identification:_identify(LabView) by extensions ['python_setup_py']
[0.441s] Level 1:colcon.colcon_core.package_identification:_identify(LabView) by extension 'python_setup_py'
[0.441s] Level 1:colcon.colcon_core.package_identification:_identify(Project Folders) by extensions ['ignore', 'ignore_ament_install']
[0.441s] Level 1:colcon.colcon_core.package_identification:_identify(Project Folders) by extension 'ignore'
[0.441s] Level 1:colcon.colcon_core.package_identification:_identify(Project Folders) by extension 'ignore_ament_install'
[0.441s] Level 1:colcon.colcon_core.package_identification:_identify(Project Folders) by extensions ['colcon_pkg']
[0.441s] Level 1:colcon.colcon_core.package_identification:_identify(Project Folders) by extension 'colcon_pkg'
[0.442s] Level 1:colcon.colcon_core.package_identification:_identify(Project Folders) by extensions ['colcon_meta']
[0.442s] Level 1:colcon.colcon_core.package_identification:_identify(Project Folders) by extension 'colcon_meta'
[0.442s] Level 1:colcon.colcon_core.package_identification:_identify(Project Folders) by extensions ['ros']
[0.442s] Level 1:colcon.colcon_core.package_identification:_identify(Project Folders) by extension 'ros'
[0.442s] Level 1:colcon.colcon_core.package_identification:_identify(Project Folders) by extensions ['cmake', 'python']
[0.442s] Level 1:colcon.colcon_core.package_identification:_identify(Project Folders) by extension 'cmake'
[0.442s] Level 1:colcon.colcon_core.package_identification:_identify(Project Folders) by extension 'python'
[0.442s] Level 1:colcon.colcon_core.package_identification:_identify(Project Folders) by extensions ['python_setup_py']
[0.442s] Level 1:colcon.colcon_core.package_identification:_identify(Project Folders) by extension 'python_setup_py'
[0.442s] Level 1:colcon.colcon_core.package_identification:_identify(Project Folders/Config) by extensions ['ignore', 'ignore_ament_install']
[0.442s] Level 1:colcon.colcon_core.package_identification:_identify(Project Folders/Config) by extension 'ignore'
[0.442s] Level 1:colcon.colcon_core.package_identification:_identify(Project Folders/Config) by extension 'ignore_ament_install'
[0.442s] Level 1:colcon.colcon_core.package_identification:_identify(Project Folders/Config) by extensions ['colcon_pkg']
[0.442s] Level 1:colcon.colcon_core.package_identification:_identify(Project Folders/Config) by extension 'colcon_pkg'
[0.442s] Level 1:colcon.colcon_core.package_identification:_identify(Project Folders/Config) by extensions ['colcon_meta']
[0.442s] Level 1:colcon.colcon_core.package_identification:_identify(Project Folders/Config) by extension 'colcon_meta'
[0.443s] Level 1:colcon.colcon_core.package_identification:_identify(Project Folders/Config) by extensions ['ros']
[0.443s] Level 1:colcon.colcon_core.package_identification:_identify(Project Folders/Config) by extension 'ros'
[0.443s] Level 1:colcon.colcon_core.package_identification:_identify(Project Folders/Config) by extensions ['cmake', 'python']
[0.443s] Level 1:colcon.colcon_core.package_identification:_identify(Project Folders/Config) by extension 'cmake'
[0.443s] Level 1:colcon.colcon_core.package_identification:_identify(Project Folders/Config) by extension 'python'
[0.443s] Level 1:colcon.colcon_core.package_identification:_identify(Project Folders/Config) by extensions ['python_setup_py']
[0.443s] Level 1:colcon.colcon_core.package_identification:_identify(Project Folders/Config) by extension 'python_setup_py'
[0.443s] Level 1:colcon.colcon_core.package_identification:_identify(Project Folders/Data Sheets) by extensions ['ignore', 'ignore_ament_install']
[0.443s] Level 1:colcon.colcon_core.package_identification:_identify(Project Folders/Data Sheets) by extension 'ignore'
[0.443s] Level 1:colcon.colcon_core.package_identification:_identify(Project Folders/Data Sheets) by extension 'ignore_ament_install'
[0.443s] Level 1:colcon.colcon_core.package_identification:_identify(Project Folders/Data Sheets) by extensions ['colcon_pkg']
[0.443s] Level 1:colcon.colcon_core.package_identification:_identify(Project Folders/Data Sheets) by extension 'colcon_pkg'
[0.443s] Level 1:colcon.colcon_core.package_identification:_identify(Project Folders/Data Sheets) by extensions ['colcon_meta']
[0.443s] Level 1:colcon.colcon_core.package_identification:_identify(Project Folders/Data Sheets) by extension 'colcon_meta'
[0.443s] Level 1:colcon.colcon_core.package_identification:_identify(Project Folders/Data Sheets) by extensions ['ros']
[0.444s] Level 1:colcon.colcon_core.package_identification:_identify(Project Folders/Data Sheets) by extension 'ros'
[0.444s] Level 1:colcon.colcon_core.package_identification:_identify(Project Folders/Data Sheets) by extensions ['cmake', 'python']
[0.444s] Level 1:colcon.colcon_core.package_identification:_identify(Project Folders/Data Sheets) by extension 'cmake'
[0.444s] Level 1:colcon.colcon_core.package_identification:_identify(Project Folders/Data Sheets) by extension 'python'
[0.444s] Level 1:colcon.colcon_core.package_identification:_identify(Project Folders/Data Sheets) by extensions ['python_setup_py']
[0.444s] Level 1:colcon.colcon_core.package_identification:_identify(Project Folders/Data Sheets) by extension 'python_setup_py'
[0.444s] Level 1:colcon.colcon_core.package_identification:_identify(Project Folders/Important Photos) by extensions ['ignore', 'ignore_ament_install']
[0.444s] Level 1:colcon.colcon_core.package_identification:_identify(Project Folders/Important Photos) by extension 'ignore'
[0.444s] Level 1:colcon.colcon_core.package_identification:_identify(Project Folders/Important Photos) by extension 'ignore_ament_install'
[0.444s] Level 1:colcon.colcon_core.package_identification:_identify(Project Folders/Important Photos) by extensions ['colcon_pkg']
[0.444s] Level 1:colcon.colcon_core.package_identification:_identify(Project Folders/Important Photos) by extension 'colcon_pkg'
[0.444s] Level 1:colcon.colcon_core.package_identification:_identify(Project Folders/Important Photos) by extensions ['colcon_meta']
[0.444s] Level 1:colcon.colcon_core.package_identification:_identify(Project Folders/Important Photos) by extension 'colcon_meta'
[0.444s] Level 1:colcon.colcon_core.package_identification:_identify(Project Folders/Important Photos) by extensions ['ros']
[0.444s] Level 1:colcon.colcon_core.package_identification:_identify(Project Folders/Important Photos) by extension 'ros'
[0.445s] Level 1:colcon.colcon_core.package_identification:_identify(Project Folders/Important Photos) by extensions ['cmake', 'python']
[0.445s] Level 1:colcon.colcon_core.package_identification:_identify(Project Folders/Important Photos) by extension 'cmake'
[0.445s] Level 1:colcon.colcon_core.package_identification:_identify(Project Folders/Important Photos) by extension 'python'
[0.445s] Level 1:colcon.colcon_core.package_identification:_identify(Project Folders/Important Photos) by extensions ['python_setup_py']
[0.445s] Level 1:colcon.colcon_core.package_identification:_identify(Project Folders/Important Photos) by extension 'python_setup_py'
[0.445s] Level 1:colcon.colcon_core.package_identification:_identify(build) by extensions ['ignore', 'ignore_ament_install']
[0.445s] Level 1:colcon.colcon_core.package_identification:_identify(build) by extension 'ignore'
[0.445s] Level 1:colcon.colcon_core.package_identification:_identify(build) ignored
[0.445s] Level 1:colcon.colcon_core.package_identification:_identify(code) by extensions ['ignore', 'ignore_ament_install']
[0.445s] Level 1:colcon.colcon_core.package_identification:_identify(code) by extension 'ignore'
[0.445s] Level 1:colcon.colcon_core.package_identification:_identify(code) by extension 'ignore_ament_install'
[0.446s] Level 1:colcon.colcon_core.package_identification:_identify(code) by extensions ['colcon_pkg']
[0.446s] Level 1:colcon.colcon_core.package_identification:_identify(code) by extension 'colcon_pkg'
[0.446s] Level 1:colcon.colcon_core.package_identification:_identify(code) by extensions ['colcon_meta']
[0.446s] Level 1:colcon.colcon_core.package_identification:_identify(code) by extension 'colcon_meta'
[0.446s] Level 1:colcon.colcon_core.package_identification:_identify(code) by extensions ['ros']
[0.446s] Level 1:colcon.colcon_core.package_identification:_identify(code) by extension 'ros'
[0.446s] Level 1:colcon.colcon_core.package_identification:_identify(code) by extensions ['cmake', 'python']
[0.446s] Level 1:colcon.colcon_core.package_identification:_identify(code) by extension 'cmake'
[0.446s] Level 1:colcon.colcon_core.package_identification:_identify(code) by extension 'python'
[0.446s] Level 1:colcon.colcon_core.package_identification:_identify(code) by extensions ['python_setup_py']
[0.446s] Level 1:colcon.colcon_core.package_identification:_identify(code) by extension 'python_setup_py'
[0.446s] Level 1:colcon.colcon_core.package_identification:_identify(install) by extensions ['ignore', 'ignore_ament_install']
[0.446s] Level 1:colcon.colcon_core.package_identification:_identify(install) by extension 'ignore'
[0.446s] Level 1:colcon.colcon_core.package_identification:_identify(install) ignored
[0.446s] Level 1:colcon.colcon_core.package_identification:_identify(log) by extensions ['ignore', 'ignore_ament_install']
[0.447s] Level 1:colcon.colcon_core.package_identification:_identify(log) by extension 'ignore'
[0.447s] Level 1:colcon.colcon_core.package_identification:_identify(log) ignored
[0.447s] Level 1:colcon.colcon_core.package_identification:_identify(src) by extensions ['ignore', 'ignore_ament_install']
[0.447s] Level 1:colcon.colcon_core.package_identification:_identify(src) by extension 'ignore'
[0.447s] Level 1:colcon.colcon_core.package_identification:_identify(src) by extension 'ignore_ament_install'
[0.447s] Level 1:colcon.colcon_core.package_identification:_identify(src) by extensions ['colcon_pkg']
[0.447s] Level 1:colcon.colcon_core.package_identification:_identify(src) by extension 'colcon_pkg'
[0.447s] Level 1:colcon.colcon_core.package_identification:_identify(src) by extensions ['colcon_meta']
[0.447s] Level 1:colcon.colcon_core.package_identification:_identify(src) by extension 'colcon_meta'
[0.447s] Level 1:colcon.colcon_core.package_identification:_identify(src) by extensions ['ros']
[0.447s] Level 1:colcon.colcon_core.package_identification:_identify(src) by extension 'ros'
[0.447s] Level 1:colcon.colcon_core.package_identification:_identify(src) by extensions ['cmake', 'python']
[0.447s] Level 1:colcon.colcon_core.package_identification:_identify(src) by extension 'cmake'
[0.447s] Level 1:colcon.colcon_core.package_identification:_identify(src) by extension 'python'
[0.447s] Level 1:colcon.colcon_core.package_identification:_identify(src) by extensions ['python_setup_py']
[0.447s] Level 1:colcon.colcon_core.package_identification:_identify(src) by extension 'python_setup_py'
[0.448s] Level 1:colcon.colcon_core.package_identification:_identify(src/minesweeper) by extensions ['ignore', 'ignore_ament_install']
[0.448s] Level 1:colcon.colcon_core.package_identification:_identify(src/minesweeper) by extension 'ignore'
[0.448s] Level 1:colcon.colcon_core.package_identification:_identify(src/minesweeper) by extension 'ignore_ament_install'
[0.448s] Level 1:colcon.colcon_core.package_identification:_identify(src/minesweeper) by extensions ['colcon_pkg']
[0.448s] Level 1:colcon.colcon_core.package_identification:_identify(src/minesweeper) by extension 'colcon_pkg'
[0.448s] Level 1:colcon.colcon_core.package_identification:_identify(src/minesweeper) by extensions ['colcon_meta']
[0.448s] Level 1:colcon.colcon_core.package_identification:_identify(src/minesweeper) by extension 'colcon_meta'
[0.448s] Level 1:colcon.colcon_core.package_identification:_identify(src/minesweeper) by extensions ['ros']
[0.448s] Level 1:colcon.colcon_core.package_identification:_identify(src/minesweeper) by extension 'ros'
[0.450s] DEBUG:colcon.colcon_core.package_identification:Package 'src/minesweeper' with type 'ros.ament_python' and name 'minesweeper'
[0.451s] Level 1:colcon.colcon_core.package_identification:_identify(src/my_robot_package) by extensions ['ignore', 'ignore_ament_install']
[0.451s] Level 1:colcon.colcon_core.package_identification:_identify(src/my_robot_package) by extension 'ignore'
[0.451s] Level 1:colcon.colcon_core.package_identification:_identify(src/my_robot_package) by extension 'ignore_ament_install'
[0.451s] Level 1:colcon.colcon_core.package_identification:_identify(src/my_robot_package) by extensions ['colcon_pkg']
[0.451s] Level 1:colcon.colcon_core.package_identification:_identify(src/my_robot_package) by extension 'colcon_pkg'
[0.451s] Level 1:colcon.colcon_core.package_identification:_identify(src/my_robot_package) by extensions ['colcon_meta']
[0.451s] Level 1:colcon.colcon_core.package_identification:_identify(src/my_robot_package) by extension 'colcon_meta'
[0.451s] Level 1:colcon.colcon_core.package_identification:_identify(src/my_robot_package) by extensions ['ros']
[0.451s] Level 1:colcon.colcon_core.package_identification:_identify(src/my_robot_package) by extension 'ros'
[0.451s] Level 1:colcon.colcon_core.package_identification:_identify(src/my_robot_package) by extensions ['cmake', 'python']
[0.451s] Level 1:colcon.colcon_core.package_identification:_identify(src/my_robot_package) by extension 'cmake'
[0.451s] Level 1:colcon.colcon_core.package_identification:_identify(src/my_robot_package) by extension 'python'
[0.451s] Level 1:colcon.colcon_core.package_identification:_identify(src/my_robot_package) by extensions ['python_setup_py']
[0.451s] Level 1:colcon.colcon_core.package_identification:_identify(src/my_robot_package) by extension 'python_setup_py'
[0.452s] Level 1:colcon.colcon_core.package_identification:_identify(src/my_robot_package/launch) by extensions ['ignore', 'ignore_ament_install']
[0.452s] Level 1:colcon.colcon_core.package_identification:_identify(src/my_robot_package/launch) by extension 'ignore'
[0.452s] Level 1:colcon.colcon_core.package_identification:_identify(src/my_robot_package/launch) by extension 'ignore_ament_install'
[0.452s] Level 1:colcon.colcon_core.package_identification:_identify(src/my_robot_package/launch) by extensions ['colcon_pkg']
[0.452s] Level 1:colcon.colcon_core.package_identification:_identify(src/my_robot_package/launch) by extension 'colcon_pkg'
[0.452s] Level 1:colcon.colcon_core.package_identification:_identify(src/my_robot_package/launch) by extensions ['colcon_meta']
[0.452s] Level 1:colcon.colcon_core.package_identification:_identify(src/my_robot_package/launch) by extension 'colcon_meta'
[0.452s] Level 1:colcon.colcon_core.package_identification:_identify(src/my_robot_package/launch) by extensions ['ros']
[0.452s] Level 1:colcon.colcon_core.package_identification:_identify(src/my_robot_package/launch) by extension 'ros'
[0.452s] Level 1:colcon.colcon_core.package_identification:_identify(src/my_robot_package/launch) by extensions ['cmake', 'python']
[0.452s] Level 1:colcon.colcon_core.package_identification:_identify(src/my_robot_package/launch) by extension 'cmake'
[0.452s] Level 1:colcon.colcon_core.package_identification:_identify(src/my_robot_package/launch) by extension 'python'
[0.452s] Level 1:colcon.colcon_core.package_identification:_identify(src/my_robot_package/launch) by extensions ['python_setup_py']
[0.452s] Level 1:colcon.colcon_core.package_identification:_identify(src/my_robot_package/launch) by extension 'python_setup_py'
[0.452s] Level 1:colcon.colcon_core.package_identification:_identify(src/my_robot_package/urdf) by extensions ['ignore', 'ignore_ament_install']
[0.453s] Level 1:colcon.colcon_core.package_identification:_identify(src/my_robot_package/urdf) by extension 'ignore'
[0.453s] Level 1:colcon.colcon_core.package_identification:_identify(src/my_robot_package/urdf) by extension 'ignore_ament_install'
[0.453s] Level 1:colcon.colcon_core.package_identification:_identify(src/my_robot_package/urdf) by extensions ['colcon_pkg']
[0.453s] Level 1:colcon.colcon_core.package_identification:_identify(src/my_robot_package/urdf) by extension 'colcon_pkg'
[0.453s] Level 1:colcon.colcon_core.package_identification:_identify(src/my_robot_package/urdf) by extensions ['colcon_meta']
[0.453s] Level 1:colcon.colcon_core.package_identification:_identify(src/my_robot_package/urdf) by extension 'colcon_meta'
[0.453s] Level 1:colcon.colcon_core.package_identification:_identify(src/my_robot_package/urdf) by extensions ['ros']
[0.453s] Level 1:colcon.colcon_core.package_identification:_identify(src/my_robot_package/urdf) by extension 'ros'
[0.453s] Level 1:colcon.colcon_core.package_identification:_identify(src/my_robot_package/urdf) by extensions ['cmake', 'python']
[0.453s] Level 1:colcon.colcon_core.package_identification:_identify(src/my_robot_package/urdf) by extension 'cmake'
[0.453s] Level 1:colcon.colcon_core.package_identification:_identify(src/my_robot_package/urdf) by extension 'python'
[0.453s] Level 1:colcon.colcon_core.package_identification:_identify(src/my_robot_package/urdf) by extensions ['python_setup_py']
[0.453s] Level 1:colcon.colcon_core.package_identification:_identify(src/my_robot_package/urdf) by extension 'python_setup_py'
[0.453s] Level 1:colcon.colcon_core.package_discovery:discover_packages(recursive) using defaults
[0.453s] Level 1:colcon.colcon_core.package_discovery:discover_packages(ignore) discover
[0.453s] Level 1:colcon.colcon_core.package_discovery:discover_packages(ignore) using defaults
[0.453s] Level 1:colcon.colcon_core.package_discovery:discover_packages(path) discover
[0.453s] Level 1:colcon.colcon_core.package_discovery:discover_packages(path) using defaults
[0.490s] Level 1:colcon.colcon_core.package_discovery:discover_packages(prefix_path) check parameters
[0.490s] Level 1:colcon.colcon_core.package_discovery:discover_packages(prefix_path) discover
[0.500s] DEBUG:colcon.colcon_installed_package_information.package_discovery:Found 1 installed packages in /home/ramadan/colcon_ws/install
[0.501s] DEBUG:colcon.colcon_installed_package_information.package_discovery:Found 1 installed packages in /home/ramadan/training_ws/install
[0.508s] DEBUG:colcon.colcon_installed_package_information.package_discovery:Found 345 installed packages in /home/ramadan/ros2_humble/install
[0.510s] DEBUG:colcon.colcon_installed_package_information.package_discovery:Found 110 installed packages in /opt/ros/humble
[0.514s] Level 1:colcon.colcon_core.package_discovery:discover_packages(prefix_path) using defaults
[0.547s] Level 5:colcon.colcon_core.verb:set package 'minesweeper' build argument 'cmake_args' from command line to 'None'
[0.547s] Level 5:colcon.colcon_core.verb:set package 'minesweeper' build argument 'cmake_target' from command line to 'None'
[0.547s] Level 5:colcon.colcon_core.verb:set package 'minesweeper' build argument 'cmake_target_skip_unavailable' from command line to 'False'
[0.547s] Level 5:colcon.colcon_core.verb:set package 'minesweeper' build argument 'cmake_clean_cache' from command line to 'False'
[0.547s] Level 5:colcon.colcon_core.verb:set package 'minesweeper' build argument 'cmake_clean_first' from command line to 'False'
[0.547s] Level 5:colcon.colcon_core.verb:set package 'minesweeper' build argument 'cmake_force_configure' from command line to 'False'
[0.547s] Level 5:colcon.colcon_core.verb:set package 'minesweeper' build argument 'ament_cmake_args' from command line to 'None'
[0.547s] Level 5:colcon.colcon_core.verb:set package 'minesweeper' build argument 'catkin_cmake_args' from command line to 'None'
[0.547s] Level 5:colcon.colcon_core.verb:set package 'minesweeper' build argument 'catkin_skip_building_tests' from command line to 'False'
[0.548s] DEBUG:colcon.colcon_core.verb:Building package 'minesweeper' with the following arguments: {'ament_cmake_args': None, 'build_base': '/home/ramadan/colcon_ws/build/minesweeper', 'catkin_cmake_args': None, 'catkin_skip_building_tests': False, 'cmake_args': None, 'cmake_clean_cache': False, 'cmake_clean_first': False, 'cmake_force_configure': False, 'cmake_target': None, 'cmake_target_skip_unavailable': False, 'install_base': '/home/ramadan/colcon_ws/install/minesweeper', 'merge_install': False, 'path': '/home/ramadan/colcon_ws/src/minesweeper', 'symlink_install': False, 'test_result_base': None}
[0.548s] INFO:colcon.colcon_core.executor:Executing jobs using 'parallel' executor
[0.549s] DEBUG:colcon.colcon_parallel_executor.executor.parallel:run_until_complete
[0.549s] INFO:colcon.colcon_ros.task.ament_python.build:Building ROS package in '/home/ramadan/colcon_ws/src/minesweeper' with build type 'ament_python'
[0.549s] Level 1:colcon.colcon_core.shell:create_environment_hook('minesweeper', 'ament_prefix_path')
[0.554s] INFO:colcon.colcon_core.plugin_system:Skipping extension 'colcon_core.shell.bat': Not used on non-Windows systems
[0.554s] INFO:colcon.colcon_core.shell:Creating environment hook '/home/ramadan/colcon_ws/install/minesweeper/share/minesweeper/hook/ament_prefix_path.ps1'
[0.555s] INFO:colcon.colcon_core.shell:Creating environment descriptor '/home/ramadan/colcon_ws/install/minesweeper/share/minesweeper/hook/ament_prefix_path.dsv'
[0.555s] INFO:colcon.colcon_core.shell:Creating environment hook '/home/ramadan/colcon_ws/install/minesweeper/share/minesweeper/hook/ament_prefix_path.sh'
[0.556s] INFO:colcon.colcon_core.shell:Skip shell extension 'powershell' for command environment: Not usable outside of PowerShell
[0.556s] DEBUG:colcon.colcon_core.shell:Skip shell extension 'dsv' for command environment
[1.022s] WARNING:colcon.colcon_ros.task.ament_python.build:Package 'minesweeper' doesn't explicitly install a marker in the package index (colcon-ros currently does it implicitly but that fallback will be removed in the future)
[1.023s] WARNING:colcon.colcon_ros.task.ament_python.build:Package 'minesweeper' doesn't explicitly install the 'package.xml' file (colcon-ros currently does it implicitly but that fallback will be removed in the future)
[1.023s] INFO:colcon.colcon_core.task.python.build:Building Python package in '/home/ramadan/colcon_ws/src/minesweeper'
[1.023s] INFO:colcon.colcon_core.shell:Skip shell extension 'powershell' for command environment: Not usable outside of PowerShell
[1.023s] DEBUG:colcon.colcon_core.shell:Skip shell extension 'dsv' for command environment
[1.625s] DEBUG:colcon.colcon_core.event_handler.log_command:Invoking command in '/home/ramadan/colcon_ws/src/minesweeper': PYTHONPATH=/home/ramadan/colcon_ws/build/minesweeper/prefix_override:/usr/lib/python3/dist-packages/colcon_core/task/python/colcon_distutils_commands:/home/ramadan/colcon_ws/install/minesweeper/lib/python3.10/site-packages:${PYTHONPATH} /usr/bin/python3 -W ignore:setup.py install is deprecated setup.py egg_info --egg-base ../../build/minesweeper build --build-base /home/ramadan/colcon_ws/build/minesweeper/build install --record /home/ramadan/colcon_ws/build/minesweeper/install.log --single-version-externally-managed
[2.135s] DEBUG:colcon.colcon_core.event_handler.log_command:Invoked command in '/home/ramadan/colcon_ws/src/minesweeper' returned '0': PYTHONPATH=/home/ramadan/colcon_ws/build/minesweeper/prefix_override:/usr/lib/python3/dist-packages/colcon_core/task/python/colcon_distutils_commands:/home/ramadan/colcon_ws/install/minesweeper/lib/python3.10/site-packages:${PYTHONPATH} /usr/bin/python3 -W ignore:setup.py install is deprecated setup.py egg_info --egg-base ../../build/minesweeper build --build-base /home/ramadan/colcon_ws/build/minesweeper/build install --record /home/ramadan/colcon_ws/build/minesweeper/install.log --single-version-externally-managed
[2.140s] Level 1:colcon.colcon_core.environment:checking '/home/ramadan/colcon_ws/install/minesweeper' for CMake module files
[2.141s] Level 1:colcon.colcon_core.environment:checking '/home/ramadan/colcon_ws/install/minesweeper' for CMake config files
[2.141s] Level 1:colcon.colcon_core.environment:checking '/home/ramadan/colcon_ws/install/minesweeper/lib'
[2.141s] Level 1:colcon.colcon_core.environment:checking '/home/ramadan/colcon_ws/install/minesweeper/bin'
[2.141s] Level 1:colcon.colcon_core.environment:checking '/home/ramadan/colcon_ws/install/minesweeper/lib/pkgconfig/minesweeper.pc'
[2.142s] Level 1:colcon.colcon_core.environment:checking '/home/ramadan/colcon_ws/install/minesweeper/lib/python3.10/site-packages'
[2.142s] Level 1:colcon.colcon_core.shell:create_environment_hook('minesweeper', 'pythonpath')
[2.142s] INFO:colcon.colcon_core.shell:Creating environment hook '/home/ramadan/colcon_ws/install/minesweeper/share/minesweeper/hook/pythonpath.ps1'
[2.142s] INFO:colcon.colcon_core.shell:Creating environment descriptor '/home/ramadan/colcon_ws/install/minesweeper/share/minesweeper/hook/pythonpath.dsv'
[2.143s] INFO:colcon.colcon_core.shell:Creating environment hook '/home/ramadan/colcon_ws/install/minesweeper/share/minesweeper/hook/pythonpath.sh'
[2.143s] Level 1:colcon.colcon_core.environment:checking '/home/ramadan/colcon_ws/install/minesweeper/bin'
[2.143s] Level 1:colcon.colcon_core.environment:create_environment_scripts_only(minesweeper)
[2.144s] INFO:colcon.colcon_core.shell:Creating package script '/home/ramadan/colcon_ws/install/minesweeper/share/minesweeper/package.ps1'
[2.144s] INFO:colcon.colcon_core.shell:Creating package descriptor '/home/ramadan/colcon_ws/install/minesweeper/share/minesweeper/package.dsv'
[2.145s] INFO:colcon.colcon_core.shell:Creating package script '/home/ramadan/colcon_ws/install/minesweeper/share/minesweeper/package.sh'
[2.145s] INFO:colcon.colcon_core.shell:Creating package script '/home/ramadan/colcon_ws/install/minesweeper/share/minesweeper/package.bash'
[2.146s] INFO:colcon.colcon_core.shell:Creating package script '/home/ramadan/colcon_ws/install/minesweeper/share/minesweeper/package.zsh'
[2.147s] Level 1:colcon.colcon_core.environment:create_file_with_runtime_dependencies(/home/ramadan/colcon_ws/install/minesweeper/share/colcon-core/packages/minesweeper)
[2.147s] DEBUG:colcon.colcon_parallel_executor.executor.parallel:closing loop
[2.147s] DEBUG:colcon.colcon_parallel_executor.executor.parallel:loop closed
[2.147s] DEBUG:colcon.colcon_parallel_executor.executor.parallel:run_until_complete finished with '0'
[2.147s] DEBUG:colcon.colcon_core.event_reactor:joining thread
[2.157s] INFO:colcon.colcon_core.plugin_system:Skipping extension 'colcon_notification.desktop_notification.terminal_notifier': Not used on non-Darwin systems
[2.157s] INFO:colcon.colcon_core.plugin_system:Skipping extension 'colcon_notification.desktop_notification.win32': Not used on non-Windows systems
[2.157s] INFO:colcon.colcon_notification.desktop_notification:Sending desktop notification using 'notify2'
[2.168s] DEBUG:colcon.colcon_core.event_reactor:joined thread
[2.168s] INFO:colcon.colcon_core.shell:Creating prefix script '/home/ramadan/colcon_ws/install/local_setup.ps1'
[2.169s] INFO:colcon.colcon_core.shell:Creating prefix util module '/home/ramadan/colcon_ws/install/_local_setup_util_ps1.py'
[2.171s] INFO:colcon.colcon_core.shell:Creating prefix chain script '/home/ramadan/colcon_ws/install/setup.ps1'
[2.186s] INFO:colcon.colcon_core.shell:Creating prefix script '/home/ramadan/colcon_ws/install/local_setup.sh'
[2.186s] INFO:colcon.colcon_core.shell:Creating prefix util module '/home/ramadan/colcon_ws/install/_local_setup_util_sh.py'
[2.187s] INFO:colcon.colcon_core.shell:Creating prefix chain script '/home/ramadan/colcon_ws/install/setup.sh'
[2.200s] INFO:colcon.colcon_core.shell:Creating prefix script '/home/ramadan/colcon_ws/install/local_setup.bash'
[2.201s] INFO:colcon.colcon_core.shell:Creating prefix chain script '/home/ramadan/colcon_ws/install/setup.bash'
[2.211s] INFO:colcon.colcon_core.shell:Creating prefix script '/home/ramadan/colcon_ws/install/local_setup.zsh'
[2.211s] INFO:colcon.colcon_core.shell:Creating prefix chain script '/home/ramadan/colcon_ws/install/setup.zsh'
