[1.099s] Invoking command in '/home/ramadan/colcon_ws/build/minesweeper': PYTHONPATH=/home/ramadan/colcon_ws/build/minesweeper/prefix_override:/usr/lib/python3/dist-packages/colcon_core/task/python/colcon_distutils_commands:/home/ramadan/colcon_ws/install/minesweeper/lib/python3.10/site-packages:${PYTHONPATH} /usr/bin/python3 -W ignore:setup.py install is deprecated setup.py develop --uninstall --editable --build-directory /home/ramadan/colcon_ws/build/minesweeper/build
[1.553s] running develop
[1.563s] /usr/lib/python3/dist-packages/setuptools/command/easy_install.py:158: EasyInstallDeprecationWarning: easy_install command is deprecated. Use build and pip and other standards-based tools.
[1.563s]   warnings.warn(
[1.815s] Removing /home/ramadan/colcon_ws/install/minesweeper/lib/python3.10/site-packages/minesweeper.egg-link (link to .)
[1.839s] Invoked command in '/home/ramadan/colcon_ws/build/minesweeper' returned '0': PYTHONPATH=/home/ramadan/colcon_ws/build/minesweeper/prefix_override:/usr/lib/python3/dist-packages/colcon_core/task/python/colcon_distutils_commands:/home/ramadan/colcon_ws/install/minesweeper/lib/python3.10/site-packages:${PYTHONPATH} /usr/bin/python3 -W ignore:setup.py install is deprecated setup.py develop --uninstall --editable --build-directory /home/ramadan/colcon_ws/build/minesweeper/build
[1.840s] Invoking command in '/home/ramadan/colcon_ws/src/minesweeper': PYTHONPATH=/home/ramadan/colcon_ws/build/minesweeper/prefix_override:/usr/lib/python3/dist-packages/colcon_core/task/python/colcon_distutils_commands:/home/ramadan/colcon_ws/install/minesweeper/lib/python3.10/site-packages:${PYTHONPATH} /usr/bin/python3 -W ignore:setup.py install is deprecated setup.py egg_info --egg-base ../../build/minesweeper build --build-base /home/ramadan/colcon_ws/build/minesweeper/build install --record /home/ramadan/colcon_ws/build/minesweeper/install.log --single-version-externally-managed
[2.252s] running egg_info
[2.252s] writing ../../build/minesweeper/minesweeper.egg-info/PKG-INFO
[2.253s] writing dependency_links to ../../build/minesweeper/minesweeper.egg-info/dependency_links.txt
[2.253s] writing entry points to ../../build/minesweeper/minesweeper.egg-info/entry_points.txt
[2.253s] writing requirements to ../../build/minesweeper/minesweeper.egg-info/requires.txt
[2.253s] writing top-level names to ../../build/minesweeper/minesweeper.egg-info/top_level.txt
[2.254s] reading manifest file '../../build/minesweeper/minesweeper.egg-info/SOURCES.txt'
[2.263s] writing manifest file '../../build/minesweeper/minesweeper.egg-info/SOURCES.txt'
[2.263s] running build
[2.264s] running build_py
[2.264s] creating /home/ramadan/colcon_ws/build/minesweeper/build
[2.264s] creating /home/ramadan/colcon_ws/build/minesweeper/build/lib
[2.264s] creating /home/ramadan/colcon_ws/build/minesweeper/build/lib/minesweeper
[2.264s] copying minesweeper/__init__.py -> /home/ramadan/colcon_ws/build/minesweeper/build/lib/minesweeper
[2.264s] copying minesweeper/joystick_subscriber.py -> /home/ramadan/colcon_ws/build/minesweeper/build/lib/minesweeper
[2.264s] copying minesweeper/joystick_publisher.py -> /home/ramadan/colcon_ws/build/minesweeper/build/lib/minesweeper
[2.264s] running install
[2.264s] running install_lib
[2.265s] creating /home/ramadan/colcon_ws/install/minesweeper/lib/python3.10/site-packages/minesweeper
[2.265s] copying /home/ramadan/colcon_ws/build/minesweeper/build/lib/minesweeper/__init__.py -> /home/ramadan/colcon_ws/install/minesweeper/lib/python3.10/site-packages/minesweeper
[2.265s] copying /home/ramadan/colcon_ws/build/minesweeper/build/lib/minesweeper/joystick_subscriber.py -> /home/ramadan/colcon_ws/install/minesweeper/lib/python3.10/site-packages/minesweeper
[2.265s] copying /home/ramadan/colcon_ws/build/minesweeper/build/lib/minesweeper/joystick_publisher.py -> /home/ramadan/colcon_ws/install/minesweeper/lib/python3.10/site-packages/minesweeper
[2.267s] byte-compiling /home/ramadan/colcon_ws/install/minesweeper/lib/python3.10/site-packages/minesweeper/__init__.py to __init__.cpython-310.pyc
[2.267s] byte-compiling /home/ramadan/colcon_ws/install/minesweeper/lib/python3.10/site-packages/minesweeper/joystick_subscriber.py to joystick_subscriber.cpython-310.pyc
[2.268s] byte-compiling /home/ramadan/colcon_ws/install/minesweeper/lib/python3.10/site-packages/minesweeper/joystick_publisher.py to joystick_publisher.cpython-310.pyc
[2.268s] running install_egg_info
[2.271s] Copying ../../build/minesweeper/minesweeper.egg-info to /home/ramadan/colcon_ws/install/minesweeper/lib/python3.10/site-packages/minesweeper-0.0.0-py3.10.egg-info
[2.272s] running install_scripts
[2.307s] Installing joystick_publisher script to /home/ramadan/colcon_ws/install/minesweeper/lib/minesweeper
[2.307s] Installing joystick_subscriber script to /home/ramadan/colcon_ws/install/minesweeper/lib/minesweeper
[2.307s] writing list of installed files to '/home/ramadan/colcon_ws/build/minesweeper/install.log'
[2.326s] Invoked command in '/home/ramadan/colcon_ws/src/minesweeper' returned '0': PYTHONPATH=/home/ramadan/colcon_ws/build/minesweeper/prefix_override:/usr/lib/python3/dist-packages/colcon_core/task/python/colcon_distutils_commands:/home/ramadan/colcon_ws/install/minesweeper/lib/python3.10/site-packages:${PYTHONPATH} /usr/bin/python3 -W ignore:setup.py install is deprecated setup.py egg_info --egg-base ../../build/minesweeper build --build-base /home/ramadan/colcon_ws/build/minesweeper/build install --record /home/ramadan/colcon_ws/build/minesweeper/install.log --single-version-externally-managed
