[1.167s] Invoking command in '/home/ramadan/colcon_ws/src/minesweeper': PYTHONPATH=/home/ramadan/colcon_ws/build/minesweeper/prefix_override:/usr/lib/python3/dist-packages/colcon_core/task/python/colcon_distutils_commands:/home/ramadan/colcon_ws/install/minesweeper/lib/python3.10/site-packages:${PYTHONPATH} /usr/bin/python3 -W ignore:setup.py install is deprecated setup.py egg_info --egg-base ../../build/minesweeper build --build-base /home/ramadan/colcon_ws/build/minesweeper/build install --record /home/ramadan/colcon_ws/build/minesweeper/install.log --single-version-externally-managed
[1.597s] running egg_info
[1.597s] writing ../../build/minesweeper/minesweeper.egg-info/PKG-INFO
[1.597s] writing dependency_links to ../../build/minesweeper/minesweeper.egg-info/dependency_links.txt
[1.597s] writing entry points to ../../build/minesweeper/minesweeper.egg-info/entry_points.txt
[1.598s] writing requirements to ../../build/minesweeper/minesweeper.egg-info/requires.txt
[1.598s] writing top-level names to ../../build/minesweeper/minesweeper.egg-info/top_level.txt
[1.599s] reading manifest file '../../build/minesweeper/minesweeper.egg-info/SOURCES.txt'
[1.600s] writing manifest file '../../build/minesweeper/minesweeper.egg-info/SOURCES.txt'
[1.600s] running build
[1.600s] running build_py
[1.600s] copying minesweeper/mine_mapping_subscriber.py -> /home/ramadan/colcon_ws/build/minesweeper/build/lib/minesweeper
[1.600s] running install
[1.601s] running install_lib
[1.601s] copying /home/ramadan/colcon_ws/build/minesweeper/build/lib/minesweeper/mine_mapping_subscriber.py -> /home/ramadan/colcon_ws/install/minesweeper/lib/python3.10/site-packages/minesweeper
[1.604s] byte-compiling /home/ramadan/colcon_ws/install/minesweeper/lib/python3.10/site-packages/minesweeper/mine_mapping_subscriber.py to mine_mapping_subscriber.cpython-310.pyc
[1.605s] running install_egg_info
[1.608s] removing '/home/ramadan/colcon_ws/install/minesweeper/lib/python3.10/site-packages/minesweeper-0.0.0-py3.10.egg-info' (and everything under it)
[1.608s] Copying ../../build/minesweeper/minesweeper.egg-info to /home/ramadan/colcon_ws/install/minesweeper/lib/python3.10/site-packages/minesweeper-0.0.0-py3.10.egg-info
[1.609s] running install_scripts
[1.646s] Installing joystick_publisher script to /home/ramadan/colcon_ws/install/minesweeper/lib/minesweeper
[1.646s] Installing joystick_subscriber script to /home/ramadan/colcon_ws/install/minesweeper/lib/minesweeper
[1.646s] Installing mine_detection_publisher script to /home/ramadan/colcon_ws/install/minesweeper/lib/minesweeper
[1.646s] Installing mine_detection_subscriber script to /home/ramadan/colcon_ws/install/minesweeper/lib/minesweeper
[1.646s] Installing mine_mapping_publisher script to /home/ramadan/colcon_ws/install/minesweeper/lib/minesweeper
[1.646s] Installing mine_mapping_subscriber script to /home/ramadan/colcon_ws/install/minesweeper/lib/minesweeper
[1.646s] writing list of installed files to '/home/ramadan/colcon_ws/build/minesweeper/install.log'
[1.667s] Invoked command in '/home/ramadan/colcon_ws/src/minesweeper' returned '0': PYTHONPATH=/home/ramadan/colcon_ws/build/minesweeper/prefix_override:/usr/lib/python3/dist-packages/colcon_core/task/python/colcon_distutils_commands:/home/ramadan/colcon_ws/install/minesweeper/lib/python3.10/site-packages:${PYTHONPATH} /usr/bin/python3 -W ignore:setup.py install is deprecated setup.py egg_info --egg-base ../../build/minesweeper build --build-base /home/ramadan/colcon_ws/build/minesweeper/build install --record /home/ramadan/colcon_ws/build/minesweeper/install.log --single-version-externally-managed
