[1.114s] Invoking command in '/home/ramadan/colcon_ws/src/minesweeper': PYTHONPATH=/home/ramadan/colcon_ws/build/minesweeper/prefix_override:/usr/lib/python3/dist-packages/colcon_core/task/python/colcon_distutils_commands:/home/ramadan/colcon_ws/install/minesweeper/lib/python3.10/site-packages:${PYTHONPATH} /usr/bin/python3 -W ignore:setup.py install is deprecated setup.py egg_info --egg-base ../../build/minesweeper build --build-base /home/ramadan/colcon_ws/build/minesweeper/build install --record /home/ramadan/colcon_ws/build/minesweeper/install.log --single-version-externally-managed
[1.532s] running egg_info
[1.533s] writing ../../build/minesweeper/minesweeper.egg-info/PKG-INFO
[1.533s] writing dependency_links to ../../build/minesweeper/minesweeper.egg-info/dependency_links.txt
[1.533s] writing entry points to ../../build/minesweeper/minesweeper.egg-info/entry_points.txt
[1.534s] writing requirements to ../../build/minesweeper/minesweeper.egg-info/requires.txt
[1.534s] writing top-level names to ../../build/minesweeper/minesweeper.egg-info/top_level.txt
[1.535s] reading manifest file '../../build/minesweeper/minesweeper.egg-info/SOURCES.txt'
[1.536s] writing manifest file '../../build/minesweeper/minesweeper.egg-info/SOURCES.txt'
[1.537s] running build
[1.537s] running build_py
[1.537s] copying minesweeper/rasp_temp.py -> /home/ramadan/colcon_ws/build/minesweeper/build/lib/minesweeper
[1.538s] copying minesweeper/mine_detection_publisher.py -> /home/ramadan/colcon_ws/build/minesweeper/build/lib/minesweeper
[1.538s] running install
[1.538s] running install_lib
[1.539s] copying /home/ramadan/colcon_ws/build/minesweeper/build/lib/minesweeper/rasp_temp.py -> /home/ramadan/colcon_ws/install/minesweeper/lib/python3.10/site-packages/minesweeper
[1.539s] copying /home/ramadan/colcon_ws/build/minesweeper/build/lib/minesweeper/mine_detection_publisher.py -> /home/ramadan/colcon_ws/install/minesweeper/lib/python3.10/site-packages/minesweeper
[1.542s] byte-compiling /home/ramadan/colcon_ws/install/minesweeper/lib/python3.10/site-packages/minesweeper/rasp_temp.py to rasp_temp.cpython-310.pyc
[1.542s] byte-compiling /home/ramadan/colcon_ws/install/minesweeper/lib/python3.10/site-packages/minesweeper/mine_detection_publisher.py to mine_detection_publisher.cpython-310.pyc
[1.543s] running install_egg_info
[1.546s] removing '/home/ramadan/colcon_ws/install/minesweeper/lib/python3.10/site-packages/minesweeper-0.0.0-py3.10.egg-info' (and everything under it)
[1.546s] Copying ../../build/minesweeper/minesweeper.egg-info to /home/ramadan/colcon_ws/install/minesweeper/lib/python3.10/site-packages/minesweeper-0.0.0-py3.10.egg-info
[1.547s] running install_scripts
[1.582s] Installing joystick_publisher script to /home/ramadan/colcon_ws/install/minesweeper/lib/minesweeper
[1.582s] Installing joystick_subscriber script to /home/ramadan/colcon_ws/install/minesweeper/lib/minesweeper
[1.582s] Installing mine_detection_publisher script to /home/ramadan/colcon_ws/install/minesweeper/lib/minesweeper
[1.582s] Installing mine_detection_subscriber script to /home/ramadan/colcon_ws/install/minesweeper/lib/minesweeper
[1.582s] writing list of installed files to '/home/ramadan/colcon_ws/build/minesweeper/install.log'
[1.602s] Invoked command in '/home/ramadan/colcon_ws/src/minesweeper' returned '0': PYTHONPATH=/home/ramadan/colcon_ws/build/minesweeper/prefix_override:/usr/lib/python3/dist-packages/colcon_core/task/python/colcon_distutils_commands:/home/ramadan/colcon_ws/install/minesweeper/lib/python3.10/site-packages:${PYTHONPATH} /usr/bin/python3 -W ignore:setup.py install is deprecated setup.py egg_info --egg-base ../../build/minesweeper build --build-base /home/ramadan/colcon_ws/build/minesweeper/build install --record /home/ramadan/colcon_ws/build/minesweeper/install.log --single-version-externally-managed
