[1.071s] Invoking command in '/home/ramadan/colcon_ws/build/minesweeper': PYTHONPATH=/home/ramadan/colcon_ws/build/minesweeper/prefix_override:/usr/lib/python3/dist-packages/colcon_core/task/python/colcon_distutils_commands:/home/ramadan/colcon_ws/install/minesweeper/lib/python3.10/site-packages:${PYTHONPATH} /usr/bin/python3 -W ignore:setup.py install is deprecated setup.py develop --editable --build-directory /home/ramadan/colcon_ws/build/minesweeper/build --no-deps symlink_data
[1.526s] running develop
[1.526s] /usr/lib/python3/dist-packages/setuptools/command/easy_install.py:158: EasyInstallDeprecationWarning: easy_install command is deprecated. Use build and pip and other standards-based tools.
[1.526s]   warnings.warn(
[1.771s] running egg_info
[1.771s] creating minesweeper.egg-info
[1.771s] writing minesweeper.egg-info/PKG-INFO
[1.771s] writing dependency_links to minesweeper.egg-info/dependency_links.txt
[1.771s] writing entry points to minesweeper.egg-info/entry_points.txt
[1.771s] writing requirements to minesweeper.egg-info/requires.txt
[1.771s] writing top-level names to minesweeper.egg-info/top_level.txt
[1.772s] writing manifest file 'minesweeper.egg-info/SOURCES.txt'
[1.773s] reading manifest file 'minesweeper.egg-info/SOURCES.txt'
[1.773s] writing manifest file 'minesweeper.egg-info/SOURCES.txt'
[1.778s] running build_ext
[1.778s] Creating /home/ramadan/colcon_ws/install/minesweeper/lib/python3.10/site-packages/minesweeper.egg-link (link to .)
[1.779s] 
[1.779s] Installed /home/ramadan/colcon_ws/build/minesweeper
[1.779s] running symlink_data
[1.779s] creating /home/ramadan/colcon_ws/install/minesweeper/share/ament_index
[1.779s] creating /home/ramadan/colcon_ws/install/minesweeper/share/ament_index/resource_index
[1.779s] creating /home/ramadan/colcon_ws/install/minesweeper/share/ament_index/resource_index/packages
[1.779s] symbolically linking /home/ramadan/colcon_ws/build/minesweeper/resource/minesweeper -> /home/ramadan/colcon_ws/install/minesweeper/share/ament_index/resource_index/packages
[1.779s] symbolically linking /home/ramadan/colcon_ws/build/minesweeper/package.xml -> /home/ramadan/colcon_ws/install/minesweeper/share/minesweeper
[1.800s] Invoked command in '/home/ramadan/colcon_ws/build/minesweeper' returned '0': PYTHONPATH=/home/ramadan/colcon_ws/build/minesweeper/prefix_override:/usr/lib/python3/dist-packages/colcon_core/task/python/colcon_distutils_commands:/home/ramadan/colcon_ws/install/minesweeper/lib/python3.10/site-packages:${PYTHONPATH} /usr/bin/python3 -W ignore:setup.py install is deprecated setup.py develop --editable --build-directory /home/ramadan/colcon_ws/build/minesweeper/build --no-deps symlink_data
