[1.193s] Invoking command in '/home/ramadan/colcon_ws/src/minesweeper': PYTHONPATH=/home/ramadan/colcon_ws/build/minesweeper/prefix_override:/usr/lib/python3/dist-packages/colcon_core/task/python/colcon_distutils_commands:/home/ramadan/colcon_ws/install/minesweeper/lib/python3.10/site-packages:${PYTHONPATH} /usr/bin/python3 -W ignore:setup.py install is deprecated setup.py egg_info --egg-base ../../build/minesweeper build --build-base /home/ramadan/colcon_ws/build/minesweeper/build install --record /home/ramadan/colcon_ws/build/minesweeper/install.log --single-version-externally-managed
[1.648s] running egg_info
[1.649s] writing ../../build/minesweeper/minesweeper.egg-info/PKG-INFO
[1.649s] writing dependency_links to ../../build/minesweeper/minesweeper.egg-info/dependency_links.txt
[1.649s] writing entry points to ../../build/minesweeper/minesweeper.egg-info/entry_points.txt
[1.649s] writing requirements to ../../build/minesweeper/minesweeper.egg-info/requires.txt
[1.649s] writing top-level names to ../../build/minesweeper/minesweeper.egg-info/top_level.txt
[1.651s] reading manifest file '../../build/minesweeper/minesweeper.egg-info/SOURCES.txt'
[1.652s] writing manifest file '../../build/minesweeper/minesweeper.egg-info/SOURCES.txt'
[1.652s] running build
[1.652s] running build_py
[1.652s] copying minesweeper/mine_detection_subscriber.py -> /home/ramadan/colcon_ws/build/minesweeper/build/lib/minesweeper
[1.652s] running install
[1.653s] running install_lib
[1.653s] copying /home/ramadan/colcon_ws/build/minesweeper/build/lib/minesweeper/mine_detection_subscriber.py -> /home/ramadan/colcon_ws/install/minesweeper/lib/python3.10/site-packages/minesweeper
[1.655s] byte-compiling /home/ramadan/colcon_ws/install/minesweeper/lib/python3.10/site-packages/minesweeper/mine_detection_subscriber.py to mine_detection_subscriber.cpython-310.pyc
[1.657s] running install_egg_info
[1.660s] removing '/home/ramadan/colcon_ws/install/minesweeper/lib/python3.10/site-packages/minesweeper-0.0.0-py3.10.egg-info' (and everything under it)
[1.660s] Copying ../../build/minesweeper/minesweeper.egg-info to /home/ramadan/colcon_ws/install/minesweeper/lib/python3.10/site-packages/minesweeper-0.0.0-py3.10.egg-info
[1.661s] running install_scripts
[1.696s] Installing joystick_publisher script to /home/ramadan/colcon_ws/install/minesweeper/lib/minesweeper
[1.697s] Installing joystick_subscriber script to /home/ramadan/colcon_ws/install/minesweeper/lib/minesweeper
[1.697s] Installing mine_detection_publisher script to /home/ramadan/colcon_ws/install/minesweeper/lib/minesweeper
[1.697s] Installing mine_detection_subscriber script to /home/ramadan/colcon_ws/install/minesweeper/lib/minesweeper
[1.697s] writing list of installed files to '/home/ramadan/colcon_ws/build/minesweeper/install.log'
[1.718s] Invoked command in '/home/ramadan/colcon_ws/src/minesweeper' returned '0': PYTHONPATH=/home/ramadan/colcon_ws/build/minesweeper/prefix_override:/usr/lib/python3/dist-packages/colcon_core/task/python/colcon_distutils_commands:/home/ramadan/colcon_ws/install/minesweeper/lib/python3.10/site-packages:${PYTHONPATH} /usr/bin/python3 -W ignore:setup.py install is deprecated setup.py egg_info --egg-base ../../build/minesweeper build --build-base /home/ramadan/colcon_ws/build/minesweeper/build install --record /home/ramadan/colcon_ws/build/minesweeper/install.log --single-version-externally-managed
