running develop
/usr/lib/python3/dist-packages/setuptools/command/easy_install.py:158: EasyInstallDeprecationWarning: easy_install command is deprecated. Use build and pip and other standards-based tools.
  warnings.warn(
running egg_info
creating minesweeper.egg-info
writing minesweeper.egg-info/PKG-INFO
writing dependency_links to minesweeper.egg-info/dependency_links.txt
writing entry points to minesweeper.egg-info/entry_points.txt
writing requirements to minesweeper.egg-info/requires.txt
writing top-level names to minesweeper.egg-info/top_level.txt
writing manifest file 'minesweeper.egg-info/SOURCES.txt'
reading manifest file 'minesweeper.egg-info/SOURCES.txt'
writing manifest file 'minesweeper.egg-info/SOURCES.txt'
running build_ext
Creating /home/ramadan/colcon_ws/install/minesweeper/lib/python3.10/site-packages/minesweeper.egg-link (link to .)

Installed /home/ramadan/colcon_ws/build/minesweeper
running symlink_data
creating /home/ramadan/colcon_ws/install/minesweeper/share/ament_index
creating /home/ramadan/colcon_ws/install/minesweeper/share/ament_index/resource_index
creating /home/ramadan/colcon_ws/install/minesweeper/share/ament_index/resource_index/packages
symbolically linking /home/ramadan/colcon_ws/build/minesweeper/resource/minesweeper -> /home/ramadan/colcon_ws/install/minesweeper/share/ament_index/resource_index/packages
symbolically linking /home/ramadan/colcon_ws/build/minesweeper/package.xml -> /home/ramadan/colcon_ws/install/minesweeper/share/minesweeper
