/home/ramadan/colcon_ws/install/minesweeper/lib/python3.10/site-packages/minesweeper/rasp_temp.py
/home/ramadan/colcon_ws/install/minesweeper/lib/python3.10/site-packages/minesweeper/__init__.py
/home/ramadan/colcon_ws/install/minesweeper/lib/python3.10/site-packages/minesweeper/joystick_subscriber.py
/home/ramadan/colcon_ws/install/minesweeper/lib/python3.10/site-packages/minesweeper/joystick_publisher.py
/home/ramadan/colcon_ws/install/minesweeper/lib/python3.10/site-packages/minesweeper/mine_detection_subscriber.py
/home/ramadan/colcon_ws/install/minesweeper/lib/python3.10/site-packages/minesweeper/mine_detection_publisher.py
/home/ramadan/colcon_ws/install/minesweeper/lib/python3.10/site-packages/minesweeper/__pycache__/rasp_temp.cpython-310.pyc
/home/ramadan/colcon_ws/install/minesweeper/lib/python3.10/site-packages/minesweeper/__pycache__/__init__.cpython-310.pyc
/home/ramadan/colcon_ws/install/minesweeper/lib/python3.10/site-packages/minesweeper/__pycache__/joystick_subscriber.cpython-310.pyc
/home/ramadan/colcon_ws/install/minesweeper/lib/python3.10/site-packages/minesweeper/__pycache__/joystick_publisher.cpython-310.pyc
/home/ramadan/colcon_ws/install/minesweeper/lib/python3.10/site-packages/minesweeper/__pycache__/mine_detection_subscriber.cpython-310.pyc
/home/ramadan/colcon_ws/install/minesweeper/lib/python3.10/site-packages/minesweeper/__pycache__/mine_detection_publisher.cpython-310.pyc
/home/ramadan/colcon_ws/install/minesweeper/lib/python3.10/site-packages/minesweeper-0.0.0-py3.10.egg-info/SOURCES.txt
/home/ramadan/colcon_ws/install/minesweeper/lib/python3.10/site-packages/minesweeper-0.0.0-py3.10.egg-info/top_level.txt
/home/ramadan/colcon_ws/install/minesweeper/lib/python3.10/site-packages/minesweeper-0.0.0-py3.10.egg-info/PKG-INFO
/home/ramadan/colcon_ws/install/minesweeper/lib/python3.10/site-packages/minesweeper-0.0.0-py3.10.egg-info/requires.txt
/home/ramadan/colcon_ws/install/minesweeper/lib/python3.10/site-packages/minesweeper-0.0.0-py3.10.egg-info/zip-safe
/home/ramadan/colcon_ws/install/minesweeper/lib/python3.10/site-packages/minesweeper-0.0.0-py3.10.egg-info/dependency_links.txt
/home/ramadan/colcon_ws/install/minesweeper/lib/python3.10/site-packages/minesweeper-0.0.0-py3.10.egg-info/entry_points.txt
/home/ramadan/colcon_ws/install/minesweeper/lib/minesweeper/joystick_publisher
/home/ramadan/colcon_ws/install/minesweeper/lib/minesweeper/joystick_subscriber
/home/ramadan/colcon_ws/install/minesweeper/lib/minesweeper/mine_detection_publisher
/home/ramadan/colcon_ws/install/minesweeper/lib/minesweeper/mine_detection_subscriber
