[1.359s] Invoking command in '/home/ramadan/colcon_ws/src/minesweeper': PYTHONPATH=/home/ramadan/colcon_ws/build/minesweeper/prefix_override:/usr/lib/python3/dist-packages/colcon_core/task/python/colcon_distutils_commands:/home/ramadan/colcon_ws/install/minesweeper/lib/python3.10/site-packages:${PYTHONPATH} /usr/bin/python3 -W ignore:setup.py install is deprecated setup.py egg_info --egg-base ../../build/minesweeper build --build-base /home/ramadan/colcon_ws/build/minesweeper/build install --record /home/ramadan/colcon_ws/build/minesweeper/install.log --single-version-externally-managed
[1.843s] running egg_info
[1.844s] writing ../../build/minesweeper/minesweeper.egg-info/PKG-INFO
[1.855s] writing dependency_links to ../../build/minesweeper/minesweeper.egg-info/dependency_links.txt
[1.855s] writing entry points to ../../build/minesweeper/minesweeper.egg-info/entry_points.txt
[1.855s] writing requirements to ../../build/minesweeper/minesweeper.egg-info/requires.txt
[1.855s] writing top-level names to ../../build/minesweeper/minesweeper.egg-info/top_level.txt
[1.857s] reading manifest file '../../build/minesweeper/minesweeper.egg-info/SOURCES.txt'
[1.858s] writing manifest file '../../build/minesweeper/minesweeper.egg-info/SOURCES.txt'
[1.858s] running build
[1.858s] running build_py
[1.859s] running install
[1.859s] running install_lib
[1.863s] running install_egg_info
[1.867s] removing '/home/ramadan/colcon_ws/install/minesweeper/lib/python3.10/site-packages/minesweeper-0.0.0-py3.10.egg-info' (and everything under it)
[1.867s] Copying ../../build/minesweeper/minesweeper.egg-info to /home/ramadan/colcon_ws/install/minesweeper/lib/python3.10/site-packages/minesweeper-0.0.0-py3.10.egg-info
[1.868s] running install_scripts
[1.906s] Installing joystick_publisher script to /home/ramadan/colcon_ws/install/minesweeper/lib/minesweeper
[1.906s] Installing joystick_subscriber script to /home/ramadan/colcon_ws/install/minesweeper/lib/minesweeper
[1.906s] Installing mine_detection_publisher script to /home/ramadan/colcon_ws/install/minesweeper/lib/minesweeper
[1.906s] Installing mine_detection_subscriber script to /home/ramadan/colcon_ws/install/minesweeper/lib/minesweeper
[1.907s] writing list of installed files to '/home/ramadan/colcon_ws/build/minesweeper/install.log'
[1.930s] Invoked command in '/home/ramadan/colcon_ws/src/minesweeper' returned '0': PYTHONPATH=/home/ramadan/colcon_ws/build/minesweeper/prefix_override:/usr/lib/python3/dist-packages/colcon_core/task/python/colcon_distutils_commands:/home/ramadan/colcon_ws/install/minesweeper/lib/python3.10/site-packages:${PYTHONPATH} /usr/bin/python3 -W ignore:setup.py install is deprecated setup.py egg_info --egg-base ../../build/minesweeper build --build-base /home/ramadan/colcon_ws/build/minesweeper/build install --record /home/ramadan/colcon_ws/build/minesweeper/install.log --single-version-externally-managed
