running egg_info
creating ../../build/minesweeper/minesweeper.egg-info
writing ../../build/minesweeper/minesweeper.egg-info/PKG-INFO
writing dependency_links to ../../build/minesweeper/minesweeper.egg-info/dependency_links.txt
writing entry points to ../../build/minesweeper/minesweeper.egg-info/entry_points.txt
writing requirements to ../../build/minesweeper/minesweeper.egg-info/requires.txt
writing top-level names to ../../build/minesweeper/minesweeper.egg-info/top_level.txt
writing manifest file '../../build/minesweeper/minesweeper.egg-info/SOURCES.txt'
reading manifest file '../../build/minesweeper/minesweeper.egg-info/SOURCES.txt'
writing manifest file '../../build/minesweeper/minesweeper.egg-info/SOURCES.txt'
running build
running build_py
creating /home/ramadan/colcon_ws/build/minesweeper/build
creating /home/ramadan/colcon_ws/build/minesweeper/build/lib
creating /home/ramadan/colcon_ws/build/minesweeper/build/lib/minesweeper
copying minesweeper/mine_mapping_subscriber.py -> /home/ramadan/colcon_ws/build/minesweeper/build/lib/minesweeper
copying minesweeper/rasp_temp.py -> /home/ramadan/colcon_ws/build/minesweeper/build/lib/minesweeper
copying minesweeper/__init__.py -> /home/ramadan/colcon_ws/build/minesweeper/build/lib/minesweeper
copying minesweeper/joystick_subscriber.py -> /home/ramadan/colcon_ws/build/minesweeper/build/lib/minesweeper
copying minesweeper/mine_mapping_publisher.py -> /home/ramadan/colcon_ws/build/minesweeper/build/lib/minesweeper
copying minesweeper/joystick_publisher.py -> /home/ramadan/colcon_ws/build/minesweeper/build/lib/minesweeper
copying minesweeper/mine_detection_subscriber.py -> /home/ramadan/colcon_ws/build/minesweeper/build/lib/minesweeper
copying minesweeper/mine_detection_publisher.py -> /home/ramadan/colcon_ws/build/minesweeper/build/lib/minesweeper
running install
running install_lib
creating /home/ramadan/colcon_ws/install/minesweeper/lib/python3.10/site-packages/minesweeper
copying /home/ramadan/colcon_ws/build/minesweeper/build/lib/minesweeper/mine_mapping_subscriber.py -> /home/ramadan/colcon_ws/install/minesweeper/lib/python3.10/site-packages/minesweeper
copying /home/ramadan/colcon_ws/build/minesweeper/build/lib/minesweeper/rasp_temp.py -> /home/ramadan/colcon_ws/install/minesweeper/lib/python3.10/site-packages/minesweeper
copying /home/ramadan/colcon_ws/build/minesweeper/build/lib/minesweeper/__init__.py -> /home/ramadan/colcon_ws/install/minesweeper/lib/python3.10/site-packages/minesweeper
copying /home/ramadan/colcon_ws/build/minesweeper/build/lib/minesweeper/joystick_subscriber.py -> /home/ramadan/colcon_ws/install/minesweeper/lib/python3.10/site-packages/minesweeper
copying /home/ramadan/colcon_ws/build/minesweeper/build/lib/minesweeper/mine_mapping_publisher.py -> /home/ramadan/colcon_ws/install/minesweeper/lib/python3.10/site-packages/minesweeper
copying /home/ramadan/colcon_ws/build/minesweeper/build/lib/minesweeper/joystick_publisher.py -> /home/ramadan/colcon_ws/install/minesweeper/lib/python3.10/site-packages/minesweeper
copying /home/ramadan/colcon_ws/build/minesweeper/build/lib/minesweeper/mine_detection_subscriber.py -> /home/ramadan/colcon_ws/install/minesweeper/lib/python3.10/site-packages/minesweeper
copying /home/ramadan/colcon_ws/build/minesweeper/build/lib/minesweeper/mine_detection_publisher.py -> /home/ramadan/colcon_ws/install/minesweeper/lib/python3.10/site-packages/minesweeper
byte-compiling /home/ramadan/colcon_ws/install/minesweeper/lib/python3.10/site-packages/minesweeper/mine_mapping_subscriber.py to mine_mapping_subscriber.cpython-310.pyc
byte-compiling /home/ramadan/colcon_ws/install/minesweeper/lib/python3.10/site-packages/minesweeper/rasp_temp.py to rasp_temp.cpython-310.pyc
byte-compiling /home/ramadan/colcon_ws/install/minesweeper/lib/python3.10/site-packages/minesweeper/__init__.py to __init__.cpython-310.pyc
byte-compiling /home/ramadan/colcon_ws/install/minesweeper/lib/python3.10/site-packages/minesweeper/joystick_subscriber.py to joystick_subscriber.cpython-310.pyc
byte-compiling /home/ramadan/colcon_ws/install/minesweeper/lib/python3.10/site-packages/minesweeper/mine_mapping_publisher.py to mine_mapping_publisher.cpython-310.pyc
byte-compiling /home/ramadan/colcon_ws/install/minesweeper/lib/python3.10/site-packages/minesweeper/joystick_publisher.py to joystick_publisher.cpython-310.pyc
byte-compiling /home/ramadan/colcon_ws/install/minesweeper/lib/python3.10/site-packages/minesweeper/mine_detection_subscriber.py to mine_detection_subscriber.cpython-310.pyc
byte-compiling /home/ramadan/colcon_ws/install/minesweeper/lib/python3.10/site-packages/minesweeper/mine_detection_publisher.py to mine_detection_publisher.cpython-310.pyc
running install_egg_info
Copying ../../build/minesweeper/minesweeper.egg-info to /home/ramadan/colcon_ws/install/minesweeper/lib/python3.10/site-packages/minesweeper-0.0.0-py3.10.egg-info
running install_scripts
Installing joystick_publisher script to /home/ramadan/colcon_ws/install/minesweeper/lib/minesweeper
Installing joystick_subscriber script to /home/ramadan/colcon_ws/install/minesweeper/lib/minesweeper
Installing mine_detection_publisher script to /home/ramadan/colcon_ws/install/minesweeper/lib/minesweeper
Installing mine_detection_subscriber script to /home/ramadan/colcon_ws/install/minesweeper/lib/minesweeper
Installing mine_mapping_publisher script to /home/ramadan/colcon_ws/install/minesweeper/lib/minesweeper
Installing mine_mapping_subscriber script to /home/ramadan/colcon_ws/install/minesweeper/lib/minesweeper
writing list of installed files to '/home/ramadan/colcon_ws/build/minesweeper/install.log'
